<?xml version="1.0"?>
<testsuites tests="3" failures="1">
<testsuite name="k6 thresholds" tests="3" failures="1"><testcase name="undefined iterations - rate &gt;= 0.12"><system-out><![CDATA[Value registered for iterations is within the expected values(rate >= 0.12). Actual values: iterations = 1.0966593344023567/s]]></system-out><properties><property name="testrun_comment"><![CDATA[Value registered for iterations is within the expected values- rate >= 0.12]]></property><property name="test_description"><![CDATA[Threshold for iterations]]></property><property name="test_summary" value="undefined iterations - rate &gt;= 0.12"/></properties></testcase>
<testcase name="undefined http_req_duration - avg &lt;= 3000"><system-out><![CDATA[Value registered for http_req_duration is within the expected values(avg <= 3000). Actual values: http_req_duration = undefined]]></system-out><properties><property name="testrun_comment"><![CDATA[Value registered for http_req_duration is within the expected values- avg <= 3000]]></property><property name="test_description"><![CDATA[Threshold for http_req_duration]]></property><property name="test_summary" value="undefined http_req_duration - avg &lt;= 3000"/></properties></testcase>
<testcase name="undefined http_req_failed - rate &lt;= 0.03"><failure message="Value registered for http_req_failed is not within the expected values(rate &lt;= 0.03). Actual values: http_req_failed = 100.00%" /><properties>
[...]
</properties></testcase>
</testsuite >
</testsuites >