<?xml version="1.0"?>
<testsuites tests="3" failures="1">
<testsuite name="k6 thresholds" tests="3" failures="1"><testcase name="undefined http_req_failed - rate &lt;= 0.03"><failure message="Value registered for http_req_failed is not within the expected values(rate &lt;= 0.03). Actual values: http_req_failed = 100.00%" /><properties>
[...]
</properties></testcase>
<testcase name="undefined iterations - rate &gt;= 0.01"><system-out><![CDATA[Value registered for iterations is within the expected values(rate >= 0.01). Actual values: iterations = 3.3304127833498547/s]]></system-out><properties><property name="testrun_comment"><![CDATA[Value registered for iterations is within the expected values- rate >= 0.01]]></property><property name="test_description"><![CDATA[Threshold for iterations]]></property><property name="test_summary" value="undefined iterations - rate &gt;= 0.01"/></properties></testcase>
<testcase name="undefined http_req_duration - avg &lt;= 4000"><system-out><![CDATA[Value registered for http_req_duration is within the expected values(avg <= 4000). Actual values: http_req_duration = undefined]]></system-out><properties><property name="testrun_comment"><![CDATA[Value registered for http_req_duration is within the expected values- avg <= 4000]]></property><property name="test_description"><![CDATA[Threshold for http_req_duration]]></property><property name="test_summary" value="undefined http_req_duration - avg &lt;= 4000"/></properties></testcase>
</testsuite >
</testsuites >